[ INFO ] [2021-11-18 21:40:24] com.nowcoder.community.CommunityApplication -Starting CommunityApplication on DESKTOP-85H5LON with PID 17992 (C:\Users\NieKaiwang\Desktop\community\community\target\classes started by NieKaiwang in C:\Users\NieKaiwang\Desktop\community\community)
[ DEBUG] [2021-11-18 21:40:24] com.nowcoder.community.CommunityApplication -Running with Spring Boot v2.1.5.RELEASE, Spring v5.1.7.RELEASE
[ INFO ] [2021-11-18 21:40:24] com.nowcoder.community.CommunityApplication -No active profile set, falling back to default profiles: default
[ INFO ] [2021-11-18 21:40:25] org.apache.coyote.http11.Http11NioProtocol -Initializing ProtocolHandler ["http-nio-80"]
[ INFO ] [2021-11-18 21:40:25] org.apache.catalina.core.StandardService -Starting service [Tomcat]
[ INFO ] [2021-11-18 21:40:25] org.apache.catalina.core.StandardEngine -Starting Servlet engine: [Apache Tomcat/9.0.19]
[ INFO ] [2021-11-18 21:40:25] org.apache.catalina.core.ContainerBase.[Tomcat].[localhost].[/community] -Initializing Spring embedded WebApplicationContext
[ INFO ] [2021-11-18 21:40:26] org.apache.coyote.http11.Http11NioProtocol -Starting ProtocolHandler ["http-nio-80"]
[ INFO ] [2021-11-18 21:40:26] com.nowcoder.community.CommunityApplication -Started CommunityApplication in 2.132 seconds (JVM running for 2.921)
[ INFO ] [2021-11-18 21:40:39] org.apache.catalina.core.ContainerBase.[Tomcat].[localhost].[/community] -Initializing Spring DispatcherServlet 'dispatcherServlet'
[ INFO ] [2021-11-18 21:40:39] com.zaxxer.hikari.HikariDataSource -HikariPool-1 - Starting...
[ INFO ] [2021-11-18 21:40:39] com.zaxxer.hikari.HikariDataSource -HikariPool-1 - Start completed.
[ DEBUG] [2021-11-18 21:40:39] com.nowcoder.community.dao.DiscussPostMapper.selectDiscussPostRows -==>  Preparing: select count(id) from discuss_post where status != 2 
[ DEBUG] [2021-11-18 21:40:39] com.nowcoder.community.dao.DiscussPostMapper.selectDiscussPostRows -==> Parameters: 
[ DEBUG] [2021-11-18 21:40:39] com.nowcoder.community.dao.DiscussPostMapper.selectDiscussPostRows -<==      Total: 1
[ DEBUG] [2021-11-18 21:40:39] com.nowcoder.community.dao.DiscussPostMapper.selectDiscussPosts -==>  Preparing: select id, user_id, title, content, type, status, create_time, comment_count, score from discuss_post where status != 2 order by type desc, create_time desc limit ?, ? 
[ DEBUG] [2021-11-18 21:40:39] com.nowcoder.community.dao.DiscussPostMapper.selectDiscussPosts -==> Parameters: 0(Integer), 10(Integer)
[ DEBUG] [2021-11-18 21:40:39] com.nowcoder.community.dao.DiscussPostMapper.selectDiscussPosts -<==      Total: 2
[ DEBUG] [2021-11-18 21:40:39] com.nowcoder.community.dao.UserMapper.selectById -==>  Preparing: select id, username, password, salt, email, type, status, activation_code, header_url, create_time from user where id = ? 
[ DEBUG] [2021-11-18 21:40:39] com.nowcoder.community.dao.UserMapper.selectById -==> Parameters: 11(Integer)
[ DEBUG] [2021-11-18 21:40:39] com.nowcoder.community.dao.UserMapper.selectById -<==      Total: 1
[ DEBUG] [2021-11-18 21:40:39] com.nowcoder.community.dao.UserMapper.selectById -==>  Preparing: select id, username, password, salt, email, type, status, activation_code, header_url, create_time from user where id = ? 
[ DEBUG] [2021-11-18 21:40:39] com.nowcoder.community.dao.UserMapper.selectById -==> Parameters: 111(Integer)
[ DEBUG] [2021-11-18 21:40:39] com.nowcoder.community.dao.UserMapper.selectById -<==      Total: 1
[ DEBUG] [2021-11-18 21:40:41] com.nowcoder.community.dao.DiscussPostMapper.selectDiscussPostRows -==>  Preparing: select count(id) from discuss_post where status != 2 
[ DEBUG] [2021-11-18 21:40:41] com.nowcoder.community.dao.DiscussPostMapper.selectDiscussPostRows -==> Parameters: 
[ DEBUG] [2021-11-18 21:40:41] com.nowcoder.community.dao.DiscussPostMapper.selectDiscussPostRows -<==      Total: 1
[ DEBUG] [2021-11-18 21:40:41] com.nowcoder.community.dao.DiscussPostMapper.selectDiscussPosts -==>  Preparing: select id, user_id, title, content, type, status, create_time, comment_count, score from discuss_post where status != 2 order by type desc, create_time desc limit ?, ? 
[ DEBUG] [2021-11-18 21:40:41] com.nowcoder.community.dao.DiscussPostMapper.selectDiscussPosts -==> Parameters: 0(Integer), 10(Integer)
[ DEBUG] [2021-11-18 21:40:41] com.nowcoder.community.dao.DiscussPostMapper.selectDiscussPosts -<==      Total: 2
[ DEBUG] [2021-11-18 21:40:41] com.nowcoder.community.dao.UserMapper.selectById -==>  Preparing: select id, username, password, salt, email, type, status, activation_code, header_url, create_time from user where id = ? 
[ DEBUG] [2021-11-18 21:40:41] com.nowcoder.community.dao.UserMapper.selectById -==> Parameters: 11(Integer)
[ DEBUG] [2021-11-18 21:40:41] com.nowcoder.community.dao.UserMapper.selectById -<==      Total: 1
[ DEBUG] [2021-11-18 21:40:41] com.nowcoder.community.dao.UserMapper.selectById -==>  Preparing: select id, username, password, salt, email, type, status, activation_code, header_url, create_time from user where id = ? 
[ DEBUG] [2021-11-18 21:40:41] com.nowcoder.community.dao.UserMapper.selectById -==> Parameters: 111(Integer)
[ DEBUG] [2021-11-18 21:40:41] com.nowcoder.community.dao.UserMapper.selectById -<==      Total: 1
[ INFO ] [2021-11-18 21:44:44] com.nowcoder.community.CommunityApplication -Starting CommunityApplication on DESKTOP-85H5LON with PID 18380 (C:\Users\NieKaiwang\Desktop\community\community\target\classes started by NieKaiwang in C:\Users\NieKaiwang\Desktop\community\community)
[ DEBUG] [2021-11-18 21:44:44] com.nowcoder.community.CommunityApplication -Running with Spring Boot v2.1.5.RELEASE, Spring v5.1.7.RELEASE
[ INFO ] [2021-11-18 21:44:44] com.nowcoder.community.CommunityApplication -No active profile set, falling back to default profiles: default
[ INFO ] [2021-11-18 21:44:45] org.apache.coyote.http11.Http11NioProtocol -Initializing ProtocolHandler ["http-nio-80"]
[ INFO ] [2021-11-18 21:44:45] org.apache.catalina.core.StandardService -Starting service [Tomcat]
[ INFO ] [2021-11-18 21:44:45] org.apache.catalina.core.StandardEngine -Starting Servlet engine: [Apache Tomcat/9.0.19]
[ INFO ] [2021-11-18 21:44:45] org.apache.catalina.core.ContainerBase.[Tomcat].[localhost].[/community] -Initializing Spring embedded WebApplicationContext
[ INFO ] [2021-11-18 21:44:46] org.apache.coyote.http11.Http11NioProtocol -Starting ProtocolHandler ["http-nio-80"]
[ INFO ] [2021-11-18 21:44:46] com.nowcoder.community.CommunityApplication -Started CommunityApplication in 2.253 seconds (JVM running for 3.093)
[ INFO ] [2021-11-18 21:44:59] org.apache.catalina.core.ContainerBase.[Tomcat].[localhost].[/community] -Initializing Spring DispatcherServlet 'dispatcherServlet'
[ INFO ] [2021-11-18 21:44:59] com.zaxxer.hikari.HikariDataSource -HikariPool-1 - Starting...
[ INFO ] [2021-11-18 21:44:59] com.zaxxer.hikari.HikariDataSource -HikariPool-1 - Start completed.
[ DEBUG] [2021-11-18 21:44:59] com.nowcoder.community.dao.DiscussPostMapper.selectDiscussPostRows -==>  Preparing: select count(id) from discuss_post where status != 2 
[ DEBUG] [2021-11-18 21:44:59] com.nowcoder.community.dao.DiscussPostMapper.selectDiscussPostRows -==> Parameters: 
[ DEBUG] [2021-11-18 21:44:59] com.nowcoder.community.dao.DiscussPostMapper.selectDiscussPostRows -<==      Total: 1
[ DEBUG] [2021-11-18 21:44:59] com.nowcoder.community.dao.DiscussPostMapper.selectDiscussPosts -==>  Preparing: select id, user_id, title, content, type, status, create_time, comment_count, score from discuss_post where status != 2 order by type desc, create_time desc limit ?, ? 
[ DEBUG] [2021-11-18 21:44:59] com.nowcoder.community.dao.DiscussPostMapper.selectDiscussPosts -==> Parameters: 0(Integer), 10(Integer)
[ DEBUG] [2021-11-18 21:44:59] com.nowcoder.community.dao.DiscussPostMapper.selectDiscussPosts -<==      Total: 2
[ DEBUG] [2021-11-18 21:44:59] com.nowcoder.community.dao.UserMapper.selectById -==>  Preparing: select id, username, password, salt, email, type, status, activation_code, header_url, create_time from user where id = ? 
[ DEBUG] [2021-11-18 21:44:59] com.nowcoder.community.dao.UserMapper.selectById -==> Parameters: 11(Integer)
[ DEBUG] [2021-11-18 21:44:59] com.nowcoder.community.dao.UserMapper.selectById -<==      Total: 1
[ DEBUG] [2021-11-18 21:44:59] com.nowcoder.community.dao.UserMapper.selectById -==>  Preparing: select id, username, password, salt, email, type, status, activation_code, header_url, create_time from user where id = ? 
[ DEBUG] [2021-11-18 21:44:59] com.nowcoder.community.dao.UserMapper.selectById -==> Parameters: 111(Integer)
[ DEBUG] [2021-11-18 21:44:59] com.nowcoder.community.dao.UserMapper.selectById -<==      Total: 1
[ DEBUG] [2021-11-18 21:45:02] com.nowcoder.community.dao.DiscussPostMapper.selectDiscussPostRows -==>  Preparing: select count(id) from discuss_post where status != 2 
[ DEBUG] [2021-11-18 21:45:02] com.nowcoder.community.dao.DiscussPostMapper.selectDiscussPostRows -==> Parameters: 
[ DEBUG] [2021-11-18 21:45:02] com.nowcoder.community.dao.DiscussPostMapper.selectDiscussPostRows -<==      Total: 1
[ DEBUG] [2021-11-18 21:45:02] com.nowcoder.community.dao.DiscussPostMapper.selectDiscussPosts -==>  Preparing: select id, user_id, title, content, type, status, create_time, comment_count, score from discuss_post where status != 2 order by type desc, create_time desc limit ?, ? 
[ DEBUG] [2021-11-18 21:45:02] com.nowcoder.community.dao.DiscussPostMapper.selectDiscussPosts -==> Parameters: 0(Integer), 10(Integer)
[ DEBUG] [2021-11-18 21:45:02] com.nowcoder.community.dao.DiscussPostMapper.selectDiscussPosts -<==      Total: 2
[ DEBUG] [2021-11-18 21:45:02] com.nowcoder.community.dao.UserMapper.selectById -==>  Preparing: select id, username, password, salt, email, type, status, activation_code, header_url, create_time from user where id = ? 
[ DEBUG] [2021-11-18 21:45:02] com.nowcoder.community.dao.UserMapper.selectById -==> Parameters: 11(Integer)
[ DEBUG] [2021-11-18 21:45:02] com.nowcoder.community.dao.UserMapper.selectById -<==      Total: 1
[ DEBUG] [2021-11-18 21:45:02] com.nowcoder.community.dao.UserMapper.selectById -==>  Preparing: select id, username, password, salt, email, type, status, activation_code, header_url, create_time from user where id = ? 
[ DEBUG] [2021-11-18 21:45:02] com.nowcoder.community.dao.UserMapper.selectById -==> Parameters: 111(Integer)
[ DEBUG] [2021-11-18 21:45:02] com.nowcoder.community.dao.UserMapper.selectById -<==      Total: 1
[ DEBUG] [2021-11-18 21:45:02] com.nowcoder.community.dao.DiscussPostMapper.selectDiscussPostRows -==>  Preparing: select count(id) from discuss_post where status != 2 
[ DEBUG] [2021-11-18 21:45:02] com.nowcoder.community.dao.DiscussPostMapper.selectDiscussPostRows -==> Parameters: 
[ DEBUG] [2021-11-18 21:45:02] com.nowcoder.community.dao.DiscussPostMapper.selectDiscussPostRows -<==      Total: 1
[ DEBUG] [2021-11-18 21:45:02] com.nowcoder.community.dao.DiscussPostMapper.selectDiscussPosts -==>  Preparing: select id, user_id, title, content, type, status, create_time, comment_count, score from discuss_post where status != 2 order by type desc, create_time desc limit ?, ? 
[ DEBUG] [2021-11-18 21:45:02] com.nowcoder.community.dao.DiscussPostMapper.selectDiscussPosts -==> Parameters: 0(Integer), 10(Integer)
[ DEBUG] [2021-11-18 21:45:02] com.nowcoder.community.dao.DiscussPostMapper.selectDiscussPosts -<==      Total: 2
[ DEBUG] [2021-11-18 21:45:02] com.nowcoder.community.dao.UserMapper.selectById -==>  Preparing: select id, username, password, salt, email, type, status, activation_code, header_url, create_time from user where id = ? 
[ DEBUG] [2021-11-18 21:45:02] com.nowcoder.community.dao.UserMapper.selectById -==> Parameters: 11(Integer)
[ DEBUG] [2021-11-18 21:45:02] com.nowcoder.community.dao.UserMapper.selectById -<==      Total: 1
[ DEBUG] [2021-11-18 21:45:02] com.nowcoder.community.dao.UserMapper.selectById -==>  Preparing: select id, username, password, salt, email, type, status, activation_code, header_url, create_time from user where id = ? 
[ DEBUG] [2021-11-18 21:45:02] com.nowcoder.community.dao.UserMapper.selectById -==> Parameters: 111(Integer)
[ DEBUG] [2021-11-18 21:45:02] com.nowcoder.community.dao.UserMapper.selectById -<==      Total: 1
[ DEBUG] [2021-11-18 21:45:02] com.nowcoder.community.dao.DiscussPostMapper.selectDiscussPostRows -==>  Preparing: select count(id) from discuss_post where status != 2 
[ DEBUG] [2021-11-18 21:45:02] com.nowcoder.community.dao.DiscussPostMapper.selectDiscussPostRows -==> Parameters: 
[ DEBUG] [2021-11-18 21:45:02] com.nowcoder.community.dao.DiscussPostMapper.selectDiscussPostRows -<==      Total: 1
[ DEBUG] [2021-11-18 21:45:02] com.nowcoder.community.dao.DiscussPostMapper.selectDiscussPosts -==>  Preparing: select id, user_id, title, content, type, status, create_time, comment_count, score from discuss_post where status != 2 order by type desc, create_time desc limit ?, ? 
[ DEBUG] [2021-11-18 21:45:02] com.nowcoder.community.dao.DiscussPostMapper.selectDiscussPosts -==> Parameters: 0(Integer), 10(Integer)
[ DEBUG] [2021-11-18 21:45:02] com.nowcoder.community.dao.DiscussPostMapper.selectDiscussPosts -<==      Total: 2
[ DEBUG] [2021-11-18 21:45:02] com.nowcoder.community.dao.UserMapper.selectById -==>  Preparing: select id, username, password, salt, email, type, status, activation_code, header_url, create_time from user where id = ? 
[ DEBUG] [2021-11-18 21:45:02] com.nowcoder.community.dao.UserMapper.selectById -==> Parameters: 11(Integer)
[ DEBUG] [2021-11-18 21:45:02] com.nowcoder.community.dao.UserMapper.selectById -<==      Total: 1
[ DEBUG] [2021-11-18 21:45:02] com.nowcoder.community.dao.UserMapper.selectById -==>  Preparing: select id, username, password, salt, email, type, status, activation_code, header_url, create_time from user where id = ? 
[ DEBUG] [2021-11-18 21:45:02] com.nowcoder.community.dao.UserMapper.selectById -==> Parameters: 111(Integer)
[ DEBUG] [2021-11-18 21:45:02] com.nowcoder.community.dao.UserMapper.selectById -<==      Total: 1
[ DEBUG] [2021-11-18 21:47:46] org.hibernate.validator.messageinterpolation.ResourceBundleMessageInterpolator -Loaded expression factory via original TCCL
[ INFO ] [2021-11-18 21:47:46] com.nowcoder.community.CommunityApplication -Starting CommunityApplication on DESKTOP-85H5LON with PID 15992 (C:\Users\NieKaiwang\Desktop\community\community\target\classes started by NieKaiwang in C:\Users\NieKaiwang\Desktop\community\community)
[ DEBUG] [2021-11-18 21:47:46] com.nowcoder.community.CommunityApplication -Running with Spring Boot v2.1.5.RELEASE, Spring v5.1.7.RELEASE
[ INFO ] [2021-11-18 21:47:46] com.nowcoder.community.CommunityApplication -No active profile set, falling back to default profiles: default
[ INFO ] [2021-11-18 21:47:48] org.apache.coyote.http11.Http11NioProtocol -Initializing ProtocolHandler ["http-nio-80"]
[ INFO ] [2021-11-18 21:47:48] org.apache.catalina.core.StandardService -Starting service [Tomcat]
[ INFO ] [2021-11-18 21:47:48] org.apache.catalina.core.StandardEngine -Starting Servlet engine: [Apache Tomcat/9.0.19]
[ INFO ] [2021-11-18 21:47:48] org.apache.catalina.core.ContainerBase.[Tomcat].[localhost].[/community] -Initializing Spring embedded WebApplicationContext
[ INFO ] [2021-11-18 21:47:48] org.apache.coyote.http11.Http11NioProtocol -Starting ProtocolHandler ["http-nio-80"]
[ INFO ] [2021-11-18 21:47:48] com.nowcoder.community.CommunityApplication -Started CommunityApplication in 2.316 seconds (JVM running for 3.178)
[ INFO ] [2021-11-18 21:47:52] org.apache.catalina.core.ContainerBase.[Tomcat].[localhost].[/community] -Initializing Spring DispatcherServlet 'dispatcherServlet'
[ INFO ] [2021-11-18 21:47:52] com.zaxxer.hikari.HikariDataSource -HikariPool-1 - Starting...
[ INFO ] [2021-11-18 21:47:52] com.zaxxer.hikari.HikariDataSource -HikariPool-1 - Start completed.
[ DEBUG] [2021-11-18 21:47:52] com.nowcoder.community.dao.DiscussPostMapper.selectDiscussPostRows -==>  Preparing: select count(id) from discuss_post where status != 2 
[ DEBUG] [2021-11-18 21:47:52] com.nowcoder.community.dao.DiscussPostMapper.selectDiscussPostRows -==> Parameters: 
[ DEBUG] [2021-11-18 21:47:52] com.nowcoder.community.dao.DiscussPostMapper.selectDiscussPostRows -<==      Total: 1
[ DEBUG] [2021-11-18 21:47:52] com.nowcoder.community.dao.DiscussPostMapper.selectDiscussPosts -==>  Preparing: select id, user_id, title, content, type, status, create_time, comment_count, score from discuss_post where status != 2 order by type desc, create_time desc limit ?, ? 
[ DEBUG] [2021-11-18 21:47:52] com.nowcoder.community.dao.DiscussPostMapper.selectDiscussPosts -==> Parameters: 0(Integer), 10(Integer)
[ DEBUG] [2021-11-18 21:47:52] com.nowcoder.community.dao.DiscussPostMapper.selectDiscussPosts -<==      Total: 2
[ DEBUG] [2021-11-18 21:47:52] com.nowcoder.community.dao.UserMapper.selectById -==>  Preparing: select id, username, password, salt, email, type, status, activation_code, header_url, create_time from user where id = ? 
[ DEBUG] [2021-11-18 21:47:52] com.nowcoder.community.dao.UserMapper.selectById -==> Parameters: 11(Integer)
[ DEBUG] [2021-11-18 21:47:52] com.nowcoder.community.dao.UserMapper.selectById -<==      Total: 1
[ DEBUG] [2021-11-18 21:47:52] com.nowcoder.community.dao.UserMapper.selectById -==>  Preparing: select id, username, password, salt, email, type, status, activation_code, header_url, create_time from user where id = ? 
[ DEBUG] [2021-11-18 21:47:52] com.nowcoder.community.dao.UserMapper.selectById -==> Parameters: 111(Integer)
[ DEBUG] [2021-11-18 21:47:52] com.nowcoder.community.dao.UserMapper.selectById -<==      Total: 1
[ DEBUG] [2021-11-18 21:47:53] com.nowcoder.community.dao.DiscussPostMapper.selectDiscussPostRows -==>  Preparing: select count(id) from discuss_post where status != 2 
[ DEBUG] [2021-11-18 21:47:53] com.nowcoder.community.dao.DiscussPostMapper.selectDiscussPostRows -==> Parameters: 
[ DEBUG] [2021-11-18 21:47:53] com.nowcoder.community.dao.DiscussPostMapper.selectDiscussPostRows -<==      Total: 1
[ DEBUG] [2021-11-18 21:47:53] com.nowcoder.community.dao.DiscussPostMapper.selectDiscussPosts -==>  Preparing: select id, user_id, title, content, type, status, create_time, comment_count, score from discuss_post where status != 2 order by type desc, create_time desc limit ?, ? 
[ DEBUG] [2021-11-18 21:47:53] com.nowcoder.community.dao.DiscussPostMapper.selectDiscussPosts -==> Parameters: 0(Integer), 10(Integer)
[ DEBUG] [2021-11-18 21:47:53] com.nowcoder.community.dao.DiscussPostMapper.selectDiscussPosts -<==      Total: 2
[ DEBUG] [2021-11-18 21:47:53] com.nowcoder.community.dao.UserMapper.selectById -==>  Preparing: select id, username, password, salt, email, type, status, activation_code, header_url, create_time from user where id = ? 
[ DEBUG] [2021-11-18 21:47:53] com.nowcoder.community.dao.UserMapper.selectById -==> Parameters: 11(Integer)
[ DEBUG] [2021-11-18 21:47:53] com.nowcoder.community.dao.UserMapper.selectById -<==      Total: 1
[ DEBUG] [2021-11-18 21:47:53] com.nowcoder.community.dao.UserMapper.selectById -==>  Preparing: select id, username, password, salt, email, type, status, activation_code, header_url, create_time from user where id = ? 
[ DEBUG] [2021-11-18 21:47:53] com.nowcoder.community.dao.UserMapper.selectById -==> Parameters: 111(Integer)
[ DEBUG] [2021-11-18 21:47:53] com.nowcoder.community.dao.UserMapper.selectById -<==      Total: 1
[ DEBUG] [2021-11-18 21:47:53] com.nowcoder.community.dao.DiscussPostMapper.selectDiscussPostRows -==>  Preparing: select count(id) from discuss_post where status != 2 
[ DEBUG] [2021-11-18 21:47:53] com.nowcoder.community.dao.DiscussPostMapper.selectDiscussPostRows -==> Parameters: 
[ DEBUG] [2021-11-18 21:47:53] com.nowcoder.community.dao.DiscussPostMapper.selectDiscussPostRows -<==      Total: 1
[ DEBUG] [2021-11-18 21:47:53] com.nowcoder.community.dao.DiscussPostMapper.selectDiscussPosts -==>  Preparing: select id, user_id, title, content, type, status, create_time, comment_count, score from discuss_post where status != 2 order by type desc, create_time desc limit ?, ? 
[ DEBUG] [2021-11-18 21:47:53] com.nowcoder.community.dao.DiscussPostMapper.selectDiscussPosts -==> Parameters: 0(Integer), 10(Integer)
[ DEBUG] [2021-11-18 21:47:53] com.nowcoder.community.dao.DiscussPostMapper.selectDiscussPosts -<==      Total: 2
[ DEBUG] [2021-11-18 21:47:53] com.nowcoder.community.dao.UserMapper.selectById -==>  Preparing: select id, username, password, salt, email, type, status, activation_code, header_url, create_time from user where id = ? 
[ DEBUG] [2021-11-18 21:47:53] com.nowcoder.community.dao.UserMapper.selectById -==> Parameters: 11(Integer)
[ DEBUG] [2021-11-18 21:47:53] com.nowcoder.community.dao.UserMapper.selectById -<==      Total: 1
[ DEBUG] [2021-11-18 21:47:53] com.nowcoder.community.dao.UserMapper.selectById -==>  Preparing: select id, username, password, salt, email, type, status, activation_code, header_url, create_time from user where id = ? 
[ DEBUG] [2021-11-18 21:47:53] com.nowcoder.community.dao.UserMapper.selectById -==> Parameters: 111(Integer)
[ DEBUG] [2021-11-18 21:47:53] com.nowcoder.community.dao.UserMapper.selectById -<==      Total: 1
